<?xml version="1.0" encoding="UTF-8"?>
<!-- Generated by org.testng.reporters.JUnitReportReporter -->
<testsuite hostname="DESKTOP-UG8O867" failures="0" tests="2" name="com.Test.TestABTesting" time="0.896" errors="0" timestamp="2023-06-02T23:47:02 IST" skipped="0">
  <testcase classname="com.Test.TestABTesting" name="TC01" time="0.520"/>
  <system-out/>
  <testcase classname="com.Test.TestABTesting" name="TC02" time="0.376"/>
  <system-out/>
</testsuite> <!-- com.Test.TestABTesting -->
