<?xml version="1.0" encoding="UTF-8"?>
<!-- Generated by org.testng.reporters.JUnitReportReporter -->
<testsuite hostname="DESKTOP-UG8O867" failures="0" tests="1" name="com.Test.Test_FloatingMenu" time="0.137" errors="0" timestamp="2023-06-03T00:02:26 IST" skipped="0">
  <testcase classname="com.Test.Test_FloatingMenu" name="TC01" time="0.137"/>
  <system-out/>
</testsuite> <!-- com.Test.Test_FloatingMenu -->
